Build started 02/06/2018 04:18:38.
     1>Project "C:\Users\Albertus Heronius\documents\visual studio 2010\Projects\latihan-quiz-s2-2\latihan-quiz-s2-2\latihan-quiz-s2-2.vcxproj" on node 2 (build target(s)).
     1>InitializeBuildStatus:
         Creating "Debug\latihan-quiz-s2-2.unsuccessfulbuild" because "AlwaysCreate" was specified.
       ClCompile:
         C:\Program Files (x86)\Microsoft Visual Studio 10.0\VC\bin\CL.exe /c /ZI /nologo /W3 /WX- /Od /Oy- /D _MBCS /Gm /EHsc /RTC1 /MDd /GS /fp:precise /Zc:wchar_t /Zc:forScope /Fo"Debug\\" /Fd"Debug\vc100.pdb" /Gd /TP /analyze- /errorReport:prompt "lat-q-s2-2-oop.cpp"
         lat-q-s2-2-oop.cpp
     1>c:\users\albertus heronius\documents\visual studio 2010\projects\latihan-quiz-s2-2\latihan-quiz-s2-2\lat-q-s2-2-oop.cpp(33): warning C4018: '<' : signed/unsigned mismatch
       Link:
         C:\Program Files (x86)\Microsoft Visual Studio 10.0\VC\bin\link.exe /ERRORREPORT:PROMPT /OUT:"C:\Users\Albertus Heronius\documents\visual studio 2010\Projects\latihan-quiz-s2-2\Debug\latihan-quiz-s2-2.exe" /NOLOGO kernel32.lib user32.lib gdi32.lib winspool.lib comdlg32.lib advapi32.lib shell32.lib ole32.lib oleaut32.lib uuid.lib odbc32.lib odbccp32.lib /MANIFEST /ManifestFile:"Debug\latihan-quiz-s2-2.exe.intermediate.manifest" /MANIFESTUAC:"level='asInvoker' uiAccess='false'" /DEBUG /PDB:"C:\Users\Albertus Heronius\documents\visual studio 2010\Projects\latihan-quiz-s2-2\Debug\latihan-quiz-s2-2.pdb" /TLBID:1 /DYNAMICBASE /NXCOMPAT /IMPLIB:"C:\Users\Albertus Heronius\documents\visual studio 2010\Projects\latihan-quiz-s2-2\Debug\latihan-quiz-s2-2.lib" /MACHINE:X86 "Debug\lat-q-s2-2-oop.obj"
         LINK : C:\Users\Albertus Heronius\documents\visual studio 2010\Projects\latihan-quiz-s2-2\Debug\latihan-quiz-s2-2.exe not found or not built by the last incremental link; performing full link
         latihan-quiz-s2-2.vcxproj -> C:\Users\Albertus Heronius\documents\visual studio 2010\Projects\latihan-quiz-s2-2\Debug\latihan-quiz-s2-2.exe
       Manifest:
         C:\Program Files (x86)\Microsoft SDKs\Windows\v7.0A\bin\mt.exe /nologo /verbose /outputresource:"C:\Users\Albertus Heronius\documents\visual studio 2010\Projects\latihan-quiz-s2-2\Debug\latihan-quiz-s2-2.exe;#1" /manifest "Debug\latihan-quiz-s2-2.exe.intermediate.manifest"
       FinalizeBuildStatus:
         Deleting file "Debug\latihan-quiz-s2-2.unsuccessfulbuild".
         Touching "Debug\latihan-quiz-s2-2.lastbuildstate".
     1>Done Building Project "C:\Users\Albertus Heronius\documents\visual studio 2010\Projects\latihan-quiz-s2-2\latihan-quiz-s2-2\latihan-quiz-s2-2.vcxproj" (build target(s)).

Build succeeded.

Time Elapsed 00:00:01.72
